<?xml version="1.0" encoding="UTF-8"?>
<!-- Generated by org.testng.reporters.JUnitReportReporter -->
<testsuite hostname="LAPTOP-MTGNT260" failures="0" tests="11" name="practice.test" time="0.034" errors="0" timestamp="2022-07-26T11:05:44 IST" skipped="0">
  <testcase classname="practice.test" name="invoke" time="0.002"/>
  <system-out/>
  <testcase classname="practice.test" name="invoke" time="0.002"/>
  <system-out/>
  <testcase classname="practice.test" name="invoke" time="0.008"/>
  <system-out/>
  <testcase classname="practice.test" name="invoke" time="0.003"/>
  <system-out/>
  <testcase classname="practice.test" name="invoke" time="0.002"/>
  <system-out/>
  <testcase classname="practice.test" name="invoke" time="0.002"/>
  <system-out/>
  <testcase classname="practice.test" name="invoke" time="0.002"/>
  <system-out/>
  <testcase classname="practice.test" name="invoke" time="0.002"/>
  <system-out/>
  <testcase classname="practice.test" name="invoke" time="0.002"/>
  <system-out/>
  <testcase classname="practice.test" name="invoke" time="0.007"/>
  <system-out/>
  <testcase classname="practice.test" name="ST" time="0.002"/>
  <system-out/>
</testsuite> <!-- practice.test -->
