<?xml version="1.0" encoding="UTF-8"?>
<!-- Generated by org.testng.reporters.JUnitReportReporter -->
<testsuite hostname="LAPTOP-MTGNT260" failures="0" tests="4" name="com.Dataprovider.DataTest" time="25.774" errors="0" timestamp="2022-08-23T12:34:59 IST" skipped="0">
  <testcase classname="com.Dataprovider.DataTest" name="halfEbayRegPageTest" time="6.207"/>
  <system-out/>
  <testcase classname="com.Dataprovider.DataTest" name="halfEbayRegPageTest" time="7.324"/>
  <system-out/>
  <testcase classname="com.Dataprovider.DataTest" name="halfEbayRegPageTest" time="6.051"/>
  <system-out/>
  <testcase classname="com.Dataprovider.DataTest" name="halfEbayRegPageTest" time="6.192"/>
  <system-out/>
</testsuite> <!-- com.Dataprovider.DataTest -->
