<?xml version="1.0" encoding="UTF-8"?>
<!-- Generated by org.testng.reporters.JUnitReportReporter -->
<testsuite hostname="LAPTOP-MTGNT260" failures="0" tests="1" name="com.Excel.reader" time="1.018" errors="0" timestamp="2022-08-23T11:51:31 IST" skipped="0">
  <testcase classname="com.Excel.reader" name="Excelreader" time="1.018"/>
  <system-out/>
</testsuite> <!-- com.Excel.reader -->
